<?xml version="1.0" encoding="UTF-8"?>
<robot generator="Robot 4.1.3 (Python 3.9.9 on win32)" generated="20211222 22:04:25.342" rpa="false" schemaversion="2">
<suite id="s1" name="Koe" source="C:\Users\Avell\robot\koe.robot">
<test id="s1-t1" name="Exemplo com a library Browser">
<kw name="Abrindo uma tab no navegador no site">
<arg>http://www.google.com.br</arg>
<kw name="New Browser" library="Browser">
<arg>chromium</arg>
<arg>headless=False</arg>
<tag>BrowserControl</tag>
<tag>Setter</tag>
<doc>Create a new playwright Browser with specified options.</doc>
<msg timestamp="20211222 22:04:26.045" level="INFO">{"browser": "chromium", "headless": false, "handleSIGINT": true, "handleSIGTERM": true, "handleSIGHUP": true, "timeout": 30000.0, "devtools": false, "slowMo": 0.0, "tracesDir": "C:\\Users\\Avell\\robot\\browser\\traces\\977519ad-1966-4d63-92cd-3293c8eadde0"}</msg>
<msg timestamp="20211222 22:04:26.400" level="INFO">Successfully created browser with options: {"browser":"chromium","headless":false,"handleSIGINT":true,"handleSIGTERM":true,"handleSIGHUP":true,"timeout":30000,"devtools":false,"slowMo":0,"tracesDir":"C:\\Users\\Avell\\robot\\browser\\traces\\977519ad-1966-4d63-92cd-3293c8eadde0"}</msg>
<status status="PASS" starttime="20211222 22:04:26.045" endtime="20211222 22:04:26.401"/>
</kw>
<kw name="Create Dictionary" library="BuiltIn">
<var>&amp;{recordVideo}</var>
<arg>dir=./videos</arg>
<doc>Creates and returns a dictionary based on the given ``items``.</doc>
<msg timestamp="20211222 22:04:26.402" level="INFO">&amp;{recordVideo} = { dir=./videos }</msg>
<status status="PASS" starttime="20211222 22:04:26.401" endtime="20211222 22:04:26.402"/>
</kw>
<kw name="New Context" library="Browser">
<arg>recordVideo=${recordVideo}</arg>
<arg>viewport={'width': 1750, 'height': 1080}</arg>
<tag>BrowserControl</tag>
<tag>Setter</tag>
<doc>Create a new BrowserContext with specified options.</doc>
<msg timestamp="20211222 22:04:26.404" level="INFO">{"acceptDownloads": false, "ignoreHTTPSErrors": false, "bypassCSP": false, "viewport": {"width": 1750, "height": 1080}, "deviceScaleFactor": 1.0, "isMobile": false, "hasTouch": false, "javaScriptEnabled": true, "offline": false, "hideRfBrowser": false, "recordVideo": {"dir": "C:\\Users\\Avell\\robot\\browser\\video\\videos"}}</msg>
<msg timestamp="20211222 22:04:26.421" level="INFO">Successfully created context. </msg>
<msg timestamp="20211222 22:04:26.421" level="INFO">{'acceptDownloads': False, 'ignoreHTTPSErrors': False, 'bypassCSP': False, 'viewport': {'width': 1750, 'height': 1080}, 'deviceScaleFactor': 1, 'isMobile': False, 'hasTouch': False, 'javaScriptEnabled': True, 'offline': False, 'hideRfBrowser': False, 'recordVideo': {'dir': 'C:\\Users\\Avell\\robot\\browser\\video\\videos'}}</msg>
<status status="PASS" starttime="20211222 22:04:26.402" endtime="20211222 22:04:26.421"/>
</kw>
<kw name="New Page" library="Browser">
<arg>url=${url}</arg>
<tag>BrowserControl</tag>
<tag>Setter</tag>
<doc>Open a new Page.</doc>
<msg timestamp="20211222 22:04:30.682" level="INFO">Successfully initialized new page object and opened url: http://www.google.com.br</msg>
<msg timestamp="20211222 22:04:30.682" level="INFO" html="true">&lt;/td&gt;&lt;/tr&gt;&lt;tr&gt;&lt;td colspan="3"&gt;&lt;video width="1750" height="1080" controls&gt;&lt;source src="browser/video/videos/1afe7459976cfad5369b0f9862a908d7.webm" type="video/webm"&gt;&lt;/video&gt;</msg>
<status status="PASS" starttime="20211222 22:04:26.422" endtime="20211222 22:04:30.683"/>
</kw>
<status status="PASS" starttime="20211222 22:04:26.044" endtime="20211222 22:04:30.683"/>
</kw>
<kw name="Fazer pesquisa com a frase">
<arg>robot framework</arg>
<kw name="Fill Text" library="Browser">
<arg>css=input[name=q]</arg>
<arg>${frase_pesquisa}</arg>
<tag>PageContent</tag>
<tag>Setter</tag>
<doc>Clears and fills the given ``txt`` into the text field found by ``selector``.</doc>
<msg timestamp="20211222 22:04:30.684" level="INFO">Fills the text 'robot framework' in the given field.</msg>
<status status="PASS" starttime="20211222 22:04:30.684" endtime="20211222 22:04:30.730"/>
</kw>
<kw name="Click" library="Browser">
<arg>:nth-match(:text("Pesquisa Google"), 2)</arg>
<tag>PageContent</tag>
<tag>Setter</tag>
<doc>Simulates mouse click on the element found by ``selector``.</doc>
<status status="PASS" starttime="20211222 22:04:30.730" endtime="20211222 22:04:31.085"/>
</kw>
<status status="PASS" starttime="20211222 22:04:30.683" endtime="20211222 22:04:31.085"/>
</kw>
<kw name="Verificar se aparece o header do Robot Framework">
<kw name="Get Text" library="Browser">
<arg>h2 &gt; span</arg>
<arg>==</arg>
<arg>Robot Framework</arg>
<tag>Assertion</tag>
<tag>Getter</tag>
<tag>PageContent</tag>
<doc>Returns text attribute of the element found by ``selector``.</doc>
<status status="PASS" starttime="20211222 22:04:31.086" endtime="20211222 22:04:31.623"/>
</kw>
<status status="PASS" starttime="20211222 22:04:31.085" endtime="20211222 22:04:31.623"/>
</kw>
<status status="PASS" starttime="20211222 22:04:26.043" endtime="20211222 22:04:31.624"/>
</test>
<status status="PASS" starttime="20211222 22:04:25.343" endtime="20211222 22:04:31.749"/>
</suite>
<statistics>
<total>
<stat pass="1" fail="0" skip="0">All Tests</stat>
</total>
<tag>
</tag>
<suite>
<stat pass="1" fail="0" skip="0" id="s1" name="Koe">Koe</stat>
</suite>
</statistics>
<errors>
</errors>
</robot>
